<?xml version="1.0" encoding="UTF-8"?>
<!-- Generated by org.testng.reporters.JUnitReportReporter -->
<testsuite hostname="RRGADDAM-IN" failures="0" tests="1" name="com.BNPPROJECT.testcases.TC_LOGIN_001" time="0.921" errors="0" timestamp="28 Mar 2019 12:00:19 GMT" skipped="0">
  <testcase classname="com.BNPPROJECT.testcases.TC_LOGIN_001" name="loginTest" time="0.921"/>
</testsuite> <!-- com.BNPPROJECT.testcases.TC_LOGIN_001 -->
