<?xml version="1.0" encoding="UTF-8"?>
<!-- Generated by org.testng.reporters.JUnitReportReporter -->
<testsuite hostname="RRGADDAM-IN" failures="0" tests="1" name="com.BNPPROJECT.testcases.TC_CREATEUSER_003" time="38.617" errors="0" timestamp="28 Mar 2019 12:00:19 GMT" skipped="0">
  <testcase classname="com.BNPPROJECT.testcases.TC_CREATEUSER_003" name="createnewuser" time="38.617"/>
</testsuite> <!-- com.BNPPROJECT.testcases.TC_CREATEUSER_003 -->
